<?xml version="1.0" encoding="UTF-8"?>
<testng-results ignored="0" total="1" passed="1" failed="0" skipped="0">
  <reporter-output>
  </reporter-output>
  <suite started-at="2025-10-23T09:52:15 IST" name="Default suite" finished-at="2025-10-23T09:52:28 IST" duration-ms="13242">
    <groups>
    </groups>
    <test started-at="2025-10-23T09:52:15 IST" name="Default test" finished-at="2025-10-23T09:52:28 IST" duration-ms="13242">
      <class name="TESTng.TestNGExample">
        <test-method is-config="true" signature="sampleMethod()[pri:0, instance:TESTng.TestNGExample@2320fa6f]" started-at="2025-10-23T09:52:15 IST" name="sampleMethod" finished-at="2025-10-23T09:52:16 IST" duration-ms="1223" status="PASS">
          <reporter-output>
          </reporter-output>
        </test-method> <!-- sampleMethod -->
        <test-method signature="login()[pri:0, instance:TESTng.TestNGExample@2320fa6f]" started-at="2025-10-23T09:52:16 IST" name="login" finished-at="2025-10-23T09:52:23 IST" duration-ms="6802" status="PASS">
          <reporter-output>
          </reporter-output>
        </test-method> <!-- login -->
        <test-method is-config="true" signature="Method()[pri:0, instance:TESTng.TestNGExample@2320fa6f]" started-at="2025-10-23T09:52:23 IST" name="Method" finished-at="2025-10-23T09:52:28 IST" duration-ms="5122" status="PASS">
          <reporter-output>
          </reporter-output>
        </test-method> <!-- Method -->
      </class> <!-- TESTng.TestNGExample -->
    </test> <!-- Default test -->
  </suite> <!-- Default suite -->
</testng-results>
